<?xml version="1.0" encoding="UTF-8"?>
<testsuite name="SILab2Test" tests="2" skipped="0" failures="0" errors="0" timestamp="2020-06-12T12:23:46" hostname="DESKTOP-D37A5LK" time="0.047">
  <properties/>
  <testcase name="everyBranch()" classname="SILab2Test" time="0.043"/>
  <testcase name="multipleCondition()" classname="SILab2Test" time="0.002"/>
  <system-out><![CDATA[]]></system-out>
  <system-err><![CDATA[]]></system-err>
</testsuite>
